<?xml version="1.0" encoding="UTF-8"?>
<!-- Generated by org.testng.reporters.JUnitXMLReporter -->
<testsuite ignored="0" hostname="LAPTOP-7M51CS41" failures="1" tests="2" name="Error Validations Test" time="13.671" errors="0" timestamp="2023-02-18T14:49:08 IST">
  <testcase classname="TestNG_Practice1.tests.ErrorValidationsTest" name="LoginErrorValidation" time="0.789">
    <skipped/>
  </testcase> <!-- LoginErrorValidation -->
  <testcase classname="TestNG_Practice1.tests.ErrorValidationsTest" name="LoginErrorValidation" time="0.488">
    <failure type="org.junit.ComparisonFailure" message="expected:&amp;lt;Incorrect email [()]or password.&amp;gt; but was:&amp;lt;Incorrect email []or password.&amp;gt;">
      <![CDATA[org.junit.ComparisonFailure: expected:<Incorrect email [()]or password.> but was:<Incorrect email []or password.>
at org.junit.Assert.assertEquals(Assert.java:115)
at org.junit.Assert.assertEquals(Assert.java:144)
at TestNG_Practice1.tests.ErrorValidationsTest.LoginErrorValidation(ErrorValidationsTest.java:28)
at java.base/java.util.ArrayList.forEach(ArrayList.java:1511)
at java.base/java.util.concurrent.FutureTask.run(FutureTask.java:264)
at java.base/java.util.concurrent.ThreadPoolExecutor.runWorker(ThreadPoolExecutor.java:1130)
at java.base/java.util.concurrent.ThreadPoolExecutor$Worker.run(ThreadPoolExecutor.java:630)
at java.base/java.lang.Thread.run(Thread.java:831)
... Removed 17 stack frames]]>
    </failure>
  </testcase> <!-- LoginErrorValidation -->
</testsuite> <!-- Error Validations Test -->
